<?xml version="1.0" encoding="UTF-8"?>
<testsuite name="FirstClass" tests="1" skipped="0" failures="0" errors="0" timestamp="2021-12-06T10:51:18" hostname="DESKTOP-LRVQTIR" time="18.209">
  <properties/>
  <testcase name="Test" classname="FirstClass" time="18.209"/>
  <system-out><![CDATA[true
]]></system-out>
  <system-err><![CDATA[]]></system-err>
</testsuite>
